0 info it worked if it ends with ok
1 verbose cli [ '/home/lokko/.nvm/versions/node/v6.0.0/bin/node',
1 verbose cli   '/home/lokko/.nvm/versions/node/v6.0.0/bin/npm',
1 verbose cli   'start' ]
2 info using npm@3.8.6
3 info using node@v6.0.0
4 verbose run-script [ 'prestart', 'start', 'poststart' ]
5 info lifecycle kiz@1.0.0~prestart: kiz@1.0.0
6 silly lifecycle kiz@1.0.0~prestart: no script for prestart, continuing
7 info lifecycle kiz@1.0.0~start: kiz@1.0.0
8 verbose lifecycle kiz@1.0.0~start: unsafe-perm in lifecycle true
9 verbose lifecycle kiz@1.0.0~start: PATH: /home/lokko/.nvm/versions/node/v6.0.0/lib/node_modules/npm/bin/node-gyp-bin:/home/lokko/Рабочий стол/django/kiz/node_modules/.bin:/home/lokko/.nvm/versions/node/v6.0.0/bin:/home/lokko/.nvm/versions/node/v6.0.0/bin:/home/lokko/bin:/home/lokko/.local/bin:/usr/local/sbin:/usr/local/bin:/usr/sbin:/usr/bin:/sbin:/bin:/usr/games:/usr/local/games:/snap/bin:/usr/local/src/go/bin:/home/lokko/.rvm/bin
10 verbose lifecycle kiz@1.0.0~start: CWD: /home/lokko/Рабочий стол/django/kiz
11 silly lifecycle kiz@1.0.0~start: Args: [ '-c',
11 silly lifecycle   'concurrently --kill-others  "python3 manage.py runserver 8082" "npm run browser-sync" ' ]
12 silly lifecycle kiz@1.0.0~start: Returned: code: 1  signal: null
13 info lifecycle kiz@1.0.0~start: Failed to exec start script
14 verbose stack Error: kiz@1.0.0 start: `concurrently --kill-others  "python3 manage.py runserver 8082" "npm run browser-sync" `
14 verbose stack Exit status 1
14 verbose stack     at EventEmitter.<anonymous> (/home/lokko/.nvm/versions/node/v6.0.0/lib/node_modules/npm/lib/utils/lifecycle.js:239:16)
14 verbose stack     at emitTwo (events.js:106:13)
14 verbose stack     at EventEmitter.emit (events.js:191:7)
14 verbose stack     at ChildProcess.<anonymous> (/home/lokko/.nvm/versions/node/v6.0.0/lib/node_modules/npm/lib/utils/spawn.js:24:14)
14 verbose stack     at emitTwo (events.js:106:13)
14 verbose stack     at ChildProcess.emit (events.js:191:7)
14 verbose stack     at maybeClose (internal/child_process.js:850:16)
14 verbose stack     at Process.ChildProcess._handle.onexit (internal/child_process.js:215:5)
15 verbose pkgid kiz@1.0.0
16 verbose cwd /home/lokko/Рабочий стол/django/kiz
17 error Linux 4.10.0-42-generic
18 error argv "/home/lokko/.nvm/versions/node/v6.0.0/bin/node" "/home/lokko/.nvm/versions/node/v6.0.0/bin/npm" "start"
19 error node v6.0.0
20 error npm  v3.8.6
21 error code ELIFECYCLE
22 error kiz@1.0.0 start: `concurrently --kill-others  "python3 manage.py runserver 8082" "npm run browser-sync" `
22 error Exit status 1
23 error Failed at the kiz@1.0.0 start script 'concurrently --kill-others  "python3 manage.py runserver 8082" "npm run browser-sync" '.
23 error Make sure you have the latest version of node.js and npm installed.
23 error If you do, this is most likely a problem with the kiz package,
23 error not with npm itself.
23 error Tell the author that this fails on your system:
23 error     concurrently --kill-others  "python3 manage.py runserver 8082" "npm run browser-sync"
23 error You can get information on how to open an issue for this project with:
23 error     npm bugs kiz
23 error Or if that isn't available, you can get their info via:
23 error     npm owner ls kiz
23 error There is likely additional logging output above.
24 verbose exit [ 1, true ]
